Info: Starting: Create block symbol file (.bsf)
Info: qsys-generate C:\Users\shaar\Downloads\HMPSoC\COR-ASP\Nios_System_2A.qsys --block-symbol-file --output-directory=C:\Users\shaar\Downloads\HMPSoC\COR-ASP\Nios_System_2A --family="Cyclone V" --part=5CSEMA5F31C6
Progress: Loading COR-ASP/Nios_System_2A.qsys
Progress: Reading input file
Progress: Adding LED_pio [altera_avalon_pio 18.1]
Progress: Parameterizing module LED_pio
Progress: Adding addr [altera_avalon_pio 18.1]
Progress: Parameterizing module addr
Progress: Adding clk_0 [clock_source 18.1]
Progress: Parameterizing module clk_0
Progress: Adding cpu [altera_nios2_gen2 18.1]
Progress: Parameterizing module cpu
Progress: Adding jtag_uart [altera_avalon_jtag_uart 18.1]
Progress: Parameterizing module jtag_uart
Progress: Adding onchip_memory [altera_avalon_onchip_memory2 18.1]
Progress: Parameterizing module onchip_memory
Progress: Adding recv [altera_avalon_pio 18.1]
Progress: Parameterizing module recv
Progress: Adding seg_0 [altera_avalon_pio 18.1]
Progress: Parameterizing module seg_0
Progress: Adding seg_1 [altera_avalon_pio 18.1]
Progress: Parameterizing module seg_1
Progress: Adding seg_2 [altera_avalon_pio 18.1]
Progress: Parameterizing module seg_2
Progress: Adding seg_3 [altera_avalon_pio 18.1]
Progress: Parameterizing module seg_3
Progress: Adding seg_4 [altera_avalon_pio 18.1]
Progress: Parameterizing module seg_4
Progress: Adding seg_5 [altera_avalon_pio 18.1]
Progress: Parameterizing module seg_5
Progress: Adding send [altera_avalon_pio 18.1]
Progress: Parameterizing module send
Progress: Adding switches [altera_avalon_pio 18.1]
Progress: Parameterizing module switches
Progress: Building connections
Progress: Parameterizing connections
Progress: Validating
Progress: Done reading input file
Info: Nios_System_2A.jtag_uart: JTAG UART IP input clock need to be at least double (2x) the operating frequency of JTAG TCK on board
Info: Nios_System_2A.recv: PIO inputs are not hardwired in test bench. Undefined values will be read from PIO inputs during simulation.
Info: qsys-generate succeeded.
Info: Finished: Create block symbol file (.bsf)
Info: 
Info: Starting: Create HDL design files for synthesis
Info: qsys-generate C:\Users\shaar\Downloads\HMPSoC\COR-ASP\Nios_System_2A.qsys --synthesis=VHDL --output-directory=C:\Users\shaar\Downloads\HMPSoC\COR-ASP\Nios_System_2A\synthesis --family="Cyclone V" --part=5CSEMA5F31C6
Progress: Loading COR-ASP/Nios_System_2A.qsys
Progress: Reading input file
Progress: Adding LED_pio [altera_avalon_pio 18.1]
Progress: Parameterizing module LED_pio
Progress: Adding addr [altera_avalon_pio 18.1]
Progress: Parameterizing module addr
Progress: Adding clk_0 [clock_source 18.1]
Progress: Parameterizing module clk_0
Progress: Adding cpu [altera_nios2_gen2 18.1]
Progress: Parameterizing module cpu
Progress: Adding jtag_uart [altera_avalon_jtag_uart 18.1]
Progress: Parameterizing module jtag_uart
Progress: Adding onchip_memory [altera_avalon_onchip_memory2 18.1]
Progress: Parameterizing module onchip_memory
Progress: Adding recv [altera_avalon_pio 18.1]
Progress: Parameterizing module recv
Progress: Adding seg_0 [altera_avalon_pio 18.1]
Progress: Parameterizing module seg_0
Progress: Adding seg_1 [altera_avalon_pio 18.1]
Progress: Parameterizing module seg_1
Progress: Adding seg_2 [altera_avalon_pio 18.1]
Progress: Parameterizing module seg_2
Progress: Adding seg_3 [altera_avalon_pio 18.1]
Progress: Parameterizing module seg_3
Progress: Adding seg_4 [altera_avalon_pio 18.1]
Progress: Parameterizing module seg_4
Progress: Adding seg_5 [altera_avalon_pio 18.1]
Progress: Parameterizing module seg_5
Progress: Adding send [altera_avalon_pio 18.1]
Progress: Parameterizing module send
Progress: Adding switches [altera_avalon_pio 18.1]
Progress: Parameterizing module switches
Progress: Building connections
Progress: Parameterizing connections
Progress: Validating
Progress: Done reading input file
Info: Nios_System_2A.jtag_uart: JTAG UART IP input clock need to be at least double (2x) the operating frequency of JTAG TCK on board
Info: Nios_System_2A.recv: PIO inputs are not hardwired in test bench. Undefined values will be read from PIO inputs during simulation.
Info: Nios_System_2A: Generating Nios_System_2A "Nios_System_2A" for QUARTUS_SYNTH
Info: addr: Starting RTL generation for module 'Nios_System_2A_addr'
Info: addr:   Generation command is [exec C:/intelfpga_lite/18.1/quartus/bin64/perl/bin/perl.exe -I C:/intelfpga_lite/18.1/quartus/bin64/perl/lib -I C:/intelfpga_lite/18.1/quartus/sopc_builder/bin/europa -I C:/intelfpga_lite/18.1/quartus/sopc_builder/bin/perl_lib -I C:/intelfpga_lite/18.1/quartus/sopc_builder/bin -I C:/intelfpga_lite/18.1/quartus/../ip/altera/sopc_builder_ip/common -I C:/intelfpga_lite/18.1/quartus/../ip/altera/sopc_builder_ip/altera_avalon_pio -- C:/intelfpga_lite/18.1/quartus/../ip/altera/sopc_builder_ip/altera_avalon_pio/generate_rtl.pl --name=Nios_System_2A_addr --dir=C:/Users/shaar/AppData/Local/Temp/alt9877_7839299652997947227.dir/0002_addr_gen/ --quartus_dir=C:/intelfpga_lite/18.1/quartus --verilog --config=C:/Users/shaar/AppData/Local/Temp/alt9877_7839299652997947227.dir/0002_addr_gen//Nios_System_2A_addr_component_configuration.pl  --do_build_sim=0  ]
Info: addr: Done RTL generation for module 'Nios_System_2A_addr'
Info: addr: "Nios_System_2A" instantiated altera_avalon_pio "addr"
Info: cpu: "Nios_System_2A" instantiated altera_nios2_gen2 "cpu"
Info: jtag_uart: Starting RTL generation for module 'Nios_System_2A_jtag_uart'
Info: jtag_uart:   Generation command is [exec C:/intelfpga_lite/18.1/quartus/bin64/perl/bin/perl.exe -I C:/intelfpga_lite/18.1/quartus/bin64/perl/lib -I C:/intelfpga_lite/18.1/quartus/sopc_builder/bin/europa -I C:/intelfpga_lite/18.1/quartus/sopc_builder/bin/perl_lib -I C:/intelfpga_lite/18.1/quartus/sopc_builder/bin -I C:/intelfpga_lite/18.1/quartus/../ip/altera/sopc_builder_ip/common -I C:/intelfpga_lite/18.1/quartus/../ip/altera/sopc_builder_ip/altera_avalon_jtag_uart -- C:/intelfpga_lite/18.1/quartus/../ip/altera/sopc_builder_ip/altera_avalon_jtag_uart/generate_rtl.pl --name=Nios_System_2A_jtag_uart --dir=C:/Users/shaar/AppData/Local/Temp/alt9877_7839299652997947227.dir/0003_jtag_uart_gen/ --quartus_dir=C:/intelfpga_lite/18.1/quartus --verilog --config=C:/Users/shaar/AppData/Local/Temp/alt9877_7839299652997947227.dir/0003_jtag_uart_gen//Nios_System_2A_jtag_uart_component_configuration.pl  --do_build_sim=0  ]
Info: jtag_uart: Done RTL generation for module 'Nios_System_2A_jtag_uart'
Info: jtag_uart: "Nios_System_2A" instantiated altera_avalon_jtag_uart "jtag_uart"
Info: onchip_memory: Starting RTL generation for module 'Nios_System_2A_onchip_memory'
Info: onchip_memory:   Generation command is [exec C:/intelfpga_lite/18.1/quartus/bin64/perl/bin/perl.exe -I C:/intelfpga_lite/18.1/quartus/bin64/perl/lib -I C:/intelfpga_lite/18.1/quartus/sopc_builder/bin/europa -I C:/intelfpga_lite/18.1/quartus/sopc_builder/bin/perl_lib -I C:/intelfpga_lite/18.1/quartus/sopc_builder/bin -I C:/intelfpga_lite/18.1/quartus/../ip/altera/sopc_builder_ip/common -I C:/intelfpga_lite/18.1/quartus/../ip/altera/sopc_builder_ip/altera_avalon_onchip_memory2 -- C:/intelfpga_lite/18.1/quartus/../ip/altera/sopc_builder_ip/altera_avalon_onchip_memory2/generate_rtl.pl --name=Nios_System_2A_onchip_memory --dir=C:/Users/shaar/AppData/Local/Temp/alt9877_7839299652997947227.dir/0004_onchip_memory_gen/ --quartus_dir=C:/intelfpga_lite/18.1/quartus --verilog --config=C:/Users/shaar/AppData/Local/Temp/alt9877_7839299652997947227.dir/0004_onchip_memory_gen//Nios_System_2A_onchip_memory_component_configuration.pl  --do_build_sim=0  ]
Info: onchip_memory: Done RTL generation for module 'Nios_System_2A_onchip_memory'
Info: onchip_memory: "Nios_System_2A" instantiated altera_avalon_onchip_memory2 "onchip_memory"
Info: recv: Starting RTL generation for module 'Nios_System_2A_recv'
Info: recv:   Generation command is [exec C:/intelfpga_lite/18.1/quartus/bin64/perl/bin/perl.exe -I C:/intelfpga_lite/18.1/quartus/bin64/perl/lib -I C:/intelfpga_lite/18.1/quartus/sopc_builder/bin/europa -I C:/intelfpga_lite/18.1/quartus/sopc_builder/bin/perl_lib -I C:/intelfpga_lite/18.1/quartus/sopc_builder/bin -I C:/intelfpga_lite/18.1/quartus/../ip/altera/sopc_builder_ip/common -I C:/intelfpga_lite/18.1/quartus/../ip/altera/sopc_builder_ip/altera_avalon_pio -- C:/intelfpga_lite/18.1/quartus/../ip/altera/sopc_builder_ip/altera_avalon_pio/generate_rtl.pl --name=Nios_System_2A_recv --dir=C:/Users/shaar/AppData/Local/Temp/alt9877_7839299652997947227.dir/0005_recv_gen/ --quartus_dir=C:/intelfpga_lite/18.1/quartus --verilog --config=C:/Users/shaar/AppData/Local/Temp/alt9877_7839299652997947227.dir/0005_recv_gen//Nios_System_2A_recv_component_configuration.pl  --do_build_sim=0  ]
Info: recv: Done RTL generation for module 'Nios_System_2A_recv'
Info: recv: "Nios_System_2A" instantiated altera_avalon_pio "recv"
Info: send: Starting RTL generation for module 'Nios_System_2A_send'
Info: send:   Generation command is [exec C:/intelfpga_lite/18.1/quartus/bin64/perl/bin/perl.exe -I C:/intelfpga_lite/18.1/quartus/bin64/perl/lib -I C:/intelfpga_lite/18.1/quartus/sopc_builder/bin/europa -I C:/intelfpga_lite/18.1/quartus/sopc_builder/bin/perl_lib -I C:/intelfpga_lite/18.1/quartus/sopc_builder/bin -I C:/intelfpga_lite/18.1/quartus/../ip/altera/sopc_builder_ip/common -I C:/intelfpga_lite/18.1/quartus/../ip/altera/sopc_builder_ip/altera_avalon_pio -- C:/intelfpga_lite/18.1/quartus/../ip/altera/sopc_builder_ip/altera_avalon_pio/generate_rtl.pl --name=Nios_System_2A_send --dir=C:/Users/shaar/AppData/Local/Temp/alt9877_7839299652997947227.dir/0006_send_gen/ --quartus_dir=C:/intelfpga_lite/18.1/quartus --verilog --config=C:/Users/shaar/AppData/Local/Temp/alt9877_7839299652997947227.dir/0006_send_gen//Nios_System_2A_send_component_configuration.pl  --do_build_sim=0  ]
Info: send: Done RTL generation for module 'Nios_System_2A_send'
Info: send: "Nios_System_2A" instantiated altera_avalon_pio "send"
Info: avalon_st_adapter: Inserting error_adapter: error_adapter_0
Info: avalon_st_adapter_001: Inserting error_adapter: error_adapter_0
Info: avalon_st_adapter_002: Inserting error_adapter: error_adapter_0
Info: avalon_st_adapter_003: Inserting error_adapter: error_adapter_0
Info: avalon_st_adapter_004: Inserting error_adapter: error_adapter_0
Info: avalon_st_adapter_005: Inserting error_adapter: error_adapter_0
Info: avalon_st_adapter_006: Inserting error_adapter: error_adapter_0
Info: avalon_st_adapter_007: Inserting error_adapter: error_adapter_0
Info: avalon_st_adapter_008: Inserting error_adapter: error_adapter_0
Info: avalon_st_adapter_009: Inserting error_adapter: error_adapter_0
Info: avalon_st_adapter_010: Inserting error_adapter: error_adapter_0
Info: avalon_st_adapter_011: Inserting error_adapter: error_adapter_0
Info: mm_interconnect_0: "Nios_System_2A" instantiated altera_mm_interconnect "mm_interconnect_0"
Info: irq_mapper: "Nios_System_2A" instantiated altera_irq_mapper "irq_mapper"
Info: rst_controller: "Nios_System_2A" instantiated altera_reset_controller "rst_controller"
Info: cpu: Starting RTL generation for module 'Nios_System_2A_cpu_cpu'
Info: cpu:   Generation command is [exec C:/intelFPGA_lite/18.1/quartus/bin64//eperlcmd.exe -I C:/intelFPGA_lite/18.1/quartus/bin64//perl/lib -I C:/intelfpga_lite/18.1/quartus/sopc_builder/bin/europa -I C:/intelfpga_lite/18.1/quartus/sopc_builder/bin/perl_lib -I C:/intelfpga_lite/18.1/quartus/sopc_builder/bin -I C:/intelfpga_lite/18.1/quartus/../ip/altera/nios2_ip/altera_nios2_gen2/cpu_lib -I C:/intelfpga_lite/18.1/quartus/../ip/altera/nios2_ip/altera_nios2_gen2/nios_lib -I C:/intelfpga_lite/18.1/quartus/../ip/altera/nios2_ip/altera_nios2_gen2 -I C:/intelfpga_lite/18.1/quartus/../ip/altera/nios2_ip/altera_nios2_gen2 -- C:/intelfpga_lite/18.1/quartus/../ip/altera/nios2_ip/altera_nios2_gen2/generate_rtl.epl --name=Nios_System_2A_cpu_cpu --dir=C:/Users/shaar/AppData/Local/Temp/alt9877_7839299652997947227.dir/0009_cpu_gen/ --quartus_bindir=C:/intelFPGA_lite/18.1/quartus/bin64/ --verilog --config=C:/Users/shaar/AppData/Local/Temp/alt9877_7839299652997947227.dir/0009_cpu_gen//Nios_System_2A_cpu_cpu_processor_configuration.pl  --do_build_sim=0  ]
Info: cpu: # 2024.06.04 11:16:57 (*) Starting Nios II generation
Info: cpu: # 2024.06.04 11:16:57 (*)   Checking for plaintext license.
Info: cpu: # 2024.06.04 11:16:57 (*)   Couldn't query license setup in Quartus directory C:/intelFPGA_lite/18.1/quartus/bin64/
Info: cpu: # 2024.06.04 11:16:57 (*)   Defaulting to contents of LM_LICENSE_FILE environment variable
Info: cpu: # 2024.06.04 11:16:57 (*)   LM_LICENSE_FILE environment variable is empty
Info: cpu: # 2024.06.04 11:16:57 (*)   Plaintext license not found.
Info: cpu: # 2024.06.04 11:16:57 (*)   Checking for encrypted license (non-evaluation).
Info: cpu: # 2024.06.04 11:16:58 (*)   Couldn't query license setup in Quartus directory C:/intelFPGA_lite/18.1/quartus/bin64/
Info: cpu: # 2024.06.04 11:16:58 (*)   Defaulting to contents of LM_LICENSE_FILE environment variable
Info: cpu: # 2024.06.04 11:16:58 (*)   LM_LICENSE_FILE environment variable is empty
Info: cpu: # 2024.06.04 11:16:58 (*)   Encrypted license not found.  Defaulting to OCP evaluation license (produces a time-limited SOF)
Info: cpu: # 2024.06.04 11:16:58 (*)   Elaborating CPU configuration settings
Info: cpu: # 2024.06.04 11:16:58 (*)   Creating all objects for CPU
Info: cpu: # 2024.06.04 11:16:58 (*)     Testbench
Info: cpu: # 2024.06.04 11:16:58 (*)     Instruction decoding
Info: cpu: # 2024.06.04 11:16:58 (*)       Instruction fields
Info: cpu: # 2024.06.04 11:16:58 (*)       Instruction decodes
Info: cpu: # 2024.06.04 11:16:59 (*)       Signals for RTL simulation waveforms
Info: cpu: # 2024.06.04 11:16:59 (*)       Instruction controls
Info: cpu: # 2024.06.04 11:16:59 (*)     Pipeline frontend
Info: cpu: # 2024.06.04 11:16:59 (*)     Pipeline backend
Info: cpu: # 2024.06.04 11:17:01 (*)   Generating RTL from CPU objects
Info: cpu: # 2024.06.04 11:17:02 (*)   Creating encrypted RTL
Info: cpu: # 2024.06.04 11:17:03 (*) Done Nios II generation
Info: cpu: Done RTL generation for module 'Nios_System_2A_cpu_cpu'
Info: cpu: "cpu" instantiated altera_nios2_gen2_unit "cpu"
Info: cpu_data_master_translator: "mm_interconnect_0" instantiated altera_merlin_master_translator "cpu_data_master_translator"
Info: jtag_uart_avalon_jtag_slave_translator: "mm_interconnect_0" instantiated altera_merlin_slave_translator "jtag_uart_avalon_jtag_slave_translator"
Info: cpu_data_master_agent: "mm_interconnect_0" instantiated altera_merlin_master_agent "cpu_data_master_agent"
Info: jtag_uart_avalon_jtag_slave_agent: "mm_interconnect_0" instantiated altera_merlin_slave_agent "jtag_uart_avalon_jtag_slave_agent"
Info: jtag_uart_avalon_jtag_slave_agent_rsp_fifo: "mm_interconnect_0" instantiated altera_avalon_sc_fifo "jtag_uart_avalon_jtag_slave_agent_rsp_fifo"
Info: router: "mm_interconnect_0" instantiated altera_merlin_router "router"
Info: router_001: "mm_interconnect_0" instantiated altera_merlin_router "router_001"
Info: router_002: "mm_interconnect_0" instantiated altera_merlin_router "router_002"
Info: router_003: "mm_interconnect_0" instantiated altera_merlin_router "router_003"
Info: cpu_data_master_limiter: "mm_interconnect_0" instantiated altera_merlin_traffic_limiter "cpu_data_master_limiter"
Info: Reusing file C:/Users/shaar/Downloads/HMPSoC/COR-ASP/Nios_System_2A/synthesis/submodules/altera_avalon_sc_fifo.v
Info: cmd_demux: "mm_interconnect_0" instantiated altera_merlin_demultiplexer "cmd_demux"
Info: cmd_demux_001: "mm_interconnect_0" instantiated altera_merlin_demultiplexer "cmd_demux_001"
Info: cmd_mux: "mm_interconnect_0" instantiated altera_merlin_multiplexer "cmd_mux"
Info: cmd_mux_001: "mm_interconnect_0" instantiated altera_merlin_multiplexer "cmd_mux_001"
Info: Reusing file C:/Users/shaar/Downloads/HMPSoC/COR-ASP/Nios_System_2A/synthesis/submodules/altera_merlin_arbitrator.sv
Info: rsp_demux: "mm_interconnect_0" instantiated altera_merlin_demultiplexer "rsp_demux"
Info: rsp_demux_001: "mm_interconnect_0" instantiated altera_merlin_demultiplexer "rsp_demux_001"
Info: rsp_mux: "mm_interconnect_0" instantiated altera_merlin_multiplexer "rsp_mux"
Info: Reusing file C:/Users/shaar/Downloads/HMPSoC/COR-ASP/Nios_System_2A/synthesis/submodules/altera_merlin_arbitrator.sv
Info: rsp_mux_001: "mm_interconnect_0" instantiated altera_merlin_multiplexer "rsp_mux_001"
Info: Reusing file C:/Users/shaar/Downloads/HMPSoC/COR-ASP/Nios_System_2A/synthesis/submodules/altera_merlin_arbitrator.sv
Info: avalon_st_adapter: "mm_interconnect_0" instantiated altera_avalon_st_adapter "avalon_st_adapter"
Info: error_adapter_0: "avalon_st_adapter" instantiated error_adapter "error_adapter_0"
Info: Nios_System_2A: Done "Nios_System_2A" with 31 modules, 51 files
Info: qsys-generate succeeded.
Info: Finished: Create HDL design files for synthesis
