Analysis & Synthesis report for adcip
Tue May 28 15:48:29 2024
Quartus Prime Version 18.1.0 Build 625 09/12/2018 SJ Standard Edition


---------------------
; Table of Contents ;
---------------------
  1. Legal Notice
  2. Analysis & Synthesis Summary
  3. Analysis & Synthesis Settings
  4. Parallel Compilation
  5. Analysis & Synthesis Source Files Read
  6. Analysis & Synthesis Resource Usage Summary
  7. Analysis & Synthesis Resource Utilization by Entity
  8. Analysis & Synthesis RAM Summary
  9. Registers Removed During Synthesis
 10. General Register Statistics
 11. Inverted Register Statistics
 12. Multiplexer Restructuring Statistics (Restructuring Performed)
 13. Source assignments for adc:uut|altsyncram:altsyncram_component|altsyncram_5o04:auto_generated
 14. Parameter Settings for User Entity Instance: adc:uut
 15. Parameter Settings for User Entity Instance: adc:uut|altsyncram:altsyncram_component
 16. altsyncram Parameter Settings by Entity Instance
 17. Port Connectivity Checks: "adc:uut"
 18. Post-Synthesis Netlist Statistics for Top Partition
 19. Elapsed Time Per Partition
 20. Analysis & Synthesis Messages



----------------
; Legal Notice ;
----------------
Copyright (C) 2018  Intel Corporation. All rights reserved.
Your use of Intel Corporation's design tools, logic functions 
and other software and tools, and its AMPP partner logic 
functions, and any output files from any of the foregoing 
(including device programming or simulation files), and any 
associated documentation or information are expressly subject 
to the terms and conditions of the Intel Program License 
Subscription Agreement, the Intel Quartus Prime License Agreement,
the Intel FPGA IP License Agreement, or other applicable license
agreement, including, without limitation, that your use is for
the sole purpose of programming logic devices manufactured by
Intel and sold by Intel or its authorized distributors.  Please
refer to the applicable agreement for further details.



+-----------------------------------------------------------------------------------+
; Analysis & Synthesis Summary                                                      ;
+---------------------------------+-------------------------------------------------+
; Analysis & Synthesis Status     ; Successful - Tue May 28 15:48:29 2024           ;
; Quartus Prime Version           ; 18.1.0 Build 625 09/12/2018 SJ Standard Edition ;
; Revision Name                   ; adcip                                           ;
; Top-level Entity Name           ; nodeadc                                         ;
; Family                          ; Cyclone V                                       ;
; Logic utilization (in ALMs)     ; N/A                                             ;
; Total registers                 ; 71                                              ;
; Total pins                      ; 81                                              ;
; Total virtual pins              ; 0                                               ;
; Total block memory bits         ; 19,212                                          ;
; Total DSP Blocks                ; 0                                               ;
; Total HSSI RX PCSs              ; 0                                               ;
; Total HSSI PMA RX Deserializers ; 0                                               ;
; Total HSSI TX PCSs              ; 0                                               ;
; Total HSSI PMA TX Serializers   ; 0                                               ;
; Total PLLs                      ; 0                                               ;
; Total DLLs                      ; 0                                               ;
+---------------------------------+-------------------------------------------------+


+---------------------------------------------------------------------------------------------------------------------------+
; Analysis & Synthesis Settings                                                                                             ;
+---------------------------------------------------------------------------------+--------------------+--------------------+
; Option                                                                          ; Setting            ; Default Value      ;
+---------------------------------------------------------------------------------+--------------------+--------------------+
; Device                                                                          ; 5CSEMA5F31C6       ;                    ;
; Top-level entity name                                                           ; nodeadc            ; adcip              ;
; Family name                                                                     ; Cyclone V          ; Cyclone V          ;
; Use smart compilation                                                           ; Off                ; Off                ;
; Enable parallel Assembler and Timing Analyzer during compilation                ; On                 ; On                 ;
; Enable compact report table                                                     ; Off                ; Off                ;
; Restructure Multiplexers                                                        ; Auto               ; Auto               ;
; MLAB Add Timing Constraints For Mixed-Port Feed-Through Mode Setting Don't Care ; Off                ; Off                ;
; Create Debugging Nodes for IP Cores                                             ; Off                ; Off                ;
; Preserve fewer node names                                                       ; On                 ; On                 ;
; Intel FPGA IP Evaluation Mode                                                   ; Enable             ; Enable             ;
; Verilog Version                                                                 ; Verilog_2001       ; Verilog_2001       ;
; VHDL Version                                                                    ; VHDL_1993          ; VHDL_1993          ;
; State Machine Processing                                                        ; Auto               ; Auto               ;
; Safe State Machine                                                              ; Off                ; Off                ;
; Extract Verilog State Machines                                                  ; On                 ; On                 ;
; Extract VHDL State Machines                                                     ; On                 ; On                 ;
; Ignore Verilog initial constructs                                               ; Off                ; Off                ;
; Iteration limit for constant Verilog loops                                      ; 5000               ; 5000               ;
; Iteration limit for non-constant Verilog loops                                  ; 250                ; 250                ;
; Add Pass-Through Logic to Inferred RAMs                                         ; On                 ; On                 ;
; Infer RAMs from Raw Logic                                                       ; On                 ; On                 ;
; Parallel Synthesis                                                              ; On                 ; On                 ;
; DSP Block Balancing                                                             ; Auto               ; Auto               ;
; NOT Gate Push-Back                                                              ; On                 ; On                 ;
; Power-Up Don't Care                                                             ; On                 ; On                 ;
; Remove Redundant Logic Cells                                                    ; Off                ; Off                ;
; Remove Duplicate Registers                                                      ; On                 ; On                 ;
; Ignore CARRY Buffers                                                            ; Off                ; Off                ;
; Ignore CASCADE Buffers                                                          ; Off                ; Off                ;
; Ignore GLOBAL Buffers                                                           ; Off                ; Off                ;
; Ignore ROW GLOBAL Buffers                                                       ; Off                ; Off                ;
; Ignore LCELL Buffers                                                            ; Off                ; Off                ;
; Ignore SOFT Buffers                                                             ; On                 ; On                 ;
; Limit AHDL Integers to 32 Bits                                                  ; Off                ; Off                ;
; Optimization Technique                                                          ; Balanced           ; Balanced           ;
; Carry Chain Length                                                              ; 70                 ; 70                 ;
; Auto Carry Chains                                                               ; On                 ; On                 ;
; Auto Open-Drain Pins                                                            ; On                 ; On                 ;
; Perform WYSIWYG Primitive Resynthesis                                           ; Off                ; Off                ;
; Auto ROM Replacement                                                            ; On                 ; On                 ;
; Auto RAM Replacement                                                            ; On                 ; On                 ;
; Auto DSP Block Replacement                                                      ; On                 ; On                 ;
; Auto Shift Register Replacement                                                 ; Auto               ; Auto               ;
; Allow Shift Register Merging across Hierarchies                                 ; Auto               ; Auto               ;
; Auto Clock Enable Replacement                                                   ; On                 ; On                 ;
; Strict RAM Replacement                                                          ; Off                ; Off                ;
; Allow Synchronous Control Signals                                               ; On                 ; On                 ;
; Force Use of Synchronous Clear Signals                                          ; Off                ; Off                ;
; Auto Resource Sharing                                                           ; Off                ; Off                ;
; Allow Any RAM Size For Recognition                                              ; Off                ; Off                ;
; Allow Any ROM Size For Recognition                                              ; Off                ; Off                ;
; Allow Any Shift Register Size For Recognition                                   ; Off                ; Off                ;
; Use LogicLock Constraints during Resource Balancing                             ; On                 ; On                 ;
; Ignore translate_off and synthesis_off directives                               ; Off                ; Off                ;
; Timing-Driven Synthesis                                                         ; On                 ; On                 ;
; Report Parameter Settings                                                       ; On                 ; On                 ;
; Report Source Assignments                                                       ; On                 ; On                 ;
; Report Connectivity Checks                                                      ; On                 ; On                 ;
; Ignore Maximum Fan-Out Assignments                                              ; Off                ; Off                ;
; Synchronization Register Chain Length                                           ; 3                  ; 3                  ;
; Power Optimization During Synthesis                                             ; Normal compilation ; Normal compilation ;
; HDL message level                                                               ; Level2             ; Level2             ;
; Suppress Register Optimization Related Messages                                 ; Off                ; Off                ;
; Number of Removed Registers Reported in Synthesis Report                        ; 5000               ; 5000               ;
; Number of Swept Nodes Reported in Synthesis Report                              ; 5000               ; 5000               ;
; Number of Inverted Registers Reported in Synthesis Report                       ; 100                ; 100                ;
; Clock MUX Protection                                                            ; On                 ; On                 ;
; Auto Gated Clock Conversion                                                     ; Off                ; Off                ;
; Block Design Naming                                                             ; Auto               ; Auto               ;
; SDC constraint protection                                                       ; Off                ; Off                ;
; Synthesis Effort                                                                ; Auto               ; Auto               ;
; Shift Register Replacement - Allow Asynchronous Clear Signal                    ; On                 ; On                 ;
; Pre-Mapping Resynthesis Optimization                                            ; Off                ; Off                ;
; Analysis & Synthesis Message Level                                              ; Medium             ; Medium             ;
; Disable Register Merging Across Hierarchies                                     ; Auto               ; Auto               ;
; Resource Aware Inference For Block RAM                                          ; On                 ; On                 ;
; Automatic Parallel Synthesis                                                    ; On                 ; On                 ;
; Partial Reconfiguration Bitstream ID                                            ; Off                ; Off                ;
+---------------------------------------------------------------------------------+--------------------+--------------------+


+------------------------------------------+
; Parallel Compilation                     ;
+----------------------------+-------------+
; Processors                 ; Number      ;
+----------------------------+-------------+
; Number detected on machine ; 24          ;
; Maximum allowed            ; 16          ;
;                            ;             ;
; Average used               ; 1.00        ;
; Maximum used               ; 16          ;
;                            ;             ;
; Usage by Processor         ; % Time Used ;
;     Processor 1            ; 100.0%      ;
;     Processors 2-16        ;   0.0%      ;
+----------------------------+-------------+


+---------------------------------------------------------------------------------------------------------------------------------------------------------------------------+
; Analysis & Synthesis Source Files Read                                                                                                                                    ;
+----------------------------------+-----------------+----------------------------------+-------------------------------------------------------------------------+---------+
; File Name with User-Entered Path ; Used in Netlist ; File Type                        ; File Name with Absolute Path                                            ; Library ;
+----------------------------------+-----------------+----------------------------------+-------------------------------------------------------------------------+---------+
; 12bit.mif                        ; yes             ; User Memory Initialization File  ; H:/ipadc/ipadc/12bit.mif                                                ;         ;
; TDMA/TdmaMin/TdmaMinTypes.vhd    ; yes             ; User VHDL File                   ; H:/ipadc/ipadc/TDMA/TdmaMin/TdmaMinTypes.vhd                            ;         ;
; nodeadc.vhd                      ; yes             ; User VHDL File                   ; H:/ipadc/ipadc/nodeadc.vhd                                              ;         ;
; adc.vhd                          ; yes             ; User VHDL File                   ; H:/ipadc/ipadc/adc.vhd                                                  ;         ;
; altsyncram.tdf                   ; yes             ; Megafunction                     ; c:/intelfpga/18.1/quartus/libraries/megafunctions/altsyncram.tdf        ;         ;
; stratix_ram_block.inc            ; yes             ; Megafunction                     ; c:/intelfpga/18.1/quartus/libraries/megafunctions/stratix_ram_block.inc ;         ;
; lpm_mux.inc                      ; yes             ; Megafunction                     ; c:/intelfpga/18.1/quartus/libraries/megafunctions/lpm_mux.inc           ;         ;
; lpm_decode.inc                   ; yes             ; Megafunction                     ; c:/intelfpga/18.1/quartus/libraries/megafunctions/lpm_decode.inc        ;         ;
; aglobal181.inc                   ; yes             ; Megafunction                     ; c:/intelfpga/18.1/quartus/libraries/megafunctions/aglobal181.inc        ;         ;
; a_rdenreg.inc                    ; yes             ; Megafunction                     ; c:/intelfpga/18.1/quartus/libraries/megafunctions/a_rdenreg.inc         ;         ;
; altrom.inc                       ; yes             ; Megafunction                     ; c:/intelfpga/18.1/quartus/libraries/megafunctions/altrom.inc            ;         ;
; altram.inc                       ; yes             ; Megafunction                     ; c:/intelfpga/18.1/quartus/libraries/megafunctions/altram.inc            ;         ;
; altdpram.inc                     ; yes             ; Megafunction                     ; c:/intelfpga/18.1/quartus/libraries/megafunctions/altdpram.inc          ;         ;
; db/altsyncram_5o04.tdf           ; yes             ; Auto-Generated Megafunction      ; H:/ipadc/ipadc/db/altsyncram_5o04.tdf                                   ;         ;
+----------------------------------+-----------------+----------------------------------+-------------------------------------------------------------------------+---------+


+-----------------------------------------------------------+
; Analysis & Synthesis Resource Usage Summary               ;
+---------------------------------------------+-------------+
; Resource                                    ; Usage       ;
+---------------------------------------------+-------------+
; Estimate of Logic utilization (ALMs needed) ; 44          ;
;                                             ;             ;
; Combinational ALUT usage for logic          ; 73          ;
;     -- 7 input functions                    ; 0           ;
;     -- 6 input functions                    ; 12          ;
;     -- 5 input functions                    ; 9           ;
;     -- 4 input functions                    ; 6           ;
;     -- <=3 input functions                  ; 46          ;
;                                             ;             ;
; Dedicated logic registers                   ; 71          ;
;                                             ;             ;
; I/O pins                                    ; 81          ;
; Total MLAB memory bits                      ; 0           ;
; Total block memory bits                     ; 19212       ;
;                                             ;             ;
; Total DSP Blocks                            ; 0           ;
;                                             ;             ;
; Maximum fan-out node                        ; clock~input ;
; Maximum fan-out                             ; 60          ;
; Total fan-out                               ; 667         ;
; Average fan-out                             ; 2.10        ;
+---------------------------------------------+-------------+


+-----------------------------------------------------------------------------------------------------------------------------------------------------------------------------------------------------------------------------------------------------------------------+
; Analysis & Synthesis Resource Utilization by Entity                                                                                                                                                                                                                   ;
+-------------------------------------------+---------------------+---------------------------+-------------------+------------+------+--------------+---------------------------------------------------------------------------------+-----------------+--------------+
; Compilation Hierarchy Node                ; Combinational ALUTs ; Dedicated Logic Registers ; Block Memory Bits ; DSP Blocks ; Pins ; Virtual Pins ; Full Hierarchy Name                                                             ; Entity Name     ; Library Name ;
+-------------------------------------------+---------------------+---------------------------+-------------------+------------+------+--------------+---------------------------------------------------------------------------------+-----------------+--------------+
; |nodeadc                                  ; 73 (19)             ; 71 (27)                   ; 19212             ; 0          ; 81   ; 0            ; |nodeadc                                                                        ; nodeadc         ; work         ;
;    |adc:uut|                              ; 54 (54)             ; 44 (44)                   ; 19212             ; 0          ; 0    ; 0            ; |nodeadc|adc:uut                                                                ; adc             ; work         ;
;       |altsyncram:altsyncram_component|   ; 0 (0)               ; 0 (0)                     ; 19212             ; 0          ; 0    ; 0            ; |nodeadc|adc:uut|altsyncram:altsyncram_component                                ; altsyncram      ; work         ;
;          |altsyncram_5o04:auto_generated| ; 0 (0)               ; 0 (0)                     ; 19212             ; 0          ; 0    ; 0            ; |nodeadc|adc:uut|altsyncram:altsyncram_component|altsyncram_5o04:auto_generated ; altsyncram_5o04 ; work         ;
+-------------------------------------------+---------------------+---------------------------+-------------------+------------+------+--------------+---------------------------------------------------------------------------------+-----------------+--------------+
Note: For table entries with two numbers listed, the numbers in parentheses indicate the number of resources of the given type used by the specific entity alone. The numbers listed outside of parentheses indicate the total resources of the given type used by the specific entity and all of its sub-entities in the hierarchy.


+------------------------------------------------------------------------------------------------------------------------------------------------------------------------------------------------+
; Analysis & Synthesis RAM Summary                                                                                                                                                               ;
+-----------------------------------------------------------------------------------+------+------+--------------+--------------+--------------+--------------+-------+--------------------------+
; Name                                                                              ; Type ; Mode ; Port A Depth ; Port A Width ; Port B Depth ; Port B Width ; Size  ; MIF                      ;
+-----------------------------------------------------------------------------------+------+------+--------------+--------------+--------------+--------------+-------+--------------------------+
; adc:uut|altsyncram:altsyncram_component|altsyncram_5o04:auto_generated|ALTSYNCRAM ; AUTO ; ROM  ; 1601         ; 12           ; --           ; --           ; 19212 ; H:\ipadc\ipadc\12bit.mif ;
+-----------------------------------------------------------------------------------+------+------+--------------+--------------+--------------+--------------+-------+--------------------------+


+---------------------------------------------------------------------------------+
; Registers Removed During Synthesis                                              ;
+----------------------------------------+----------------------------------------+
; Register name                          ; Reason for Removal                     ;
+----------------------------------------+----------------------------------------+
; send.addr[0]~reg0                      ; Stuck at VCC due to stuck port data_in ;
; send.addr[1]~reg0                      ; Stuck at GND due to stuck port data_in ;
; send.addr[2]~reg0                      ; Stuck at GND due to stuck port data_in ;
; send.addr[3]~reg0                      ; Stuck at GND due to stuck port data_in ;
; send.addr[4]~reg0                      ; Stuck at GND due to stuck port data_in ;
; send.addr[5]~reg0                      ; Stuck at GND due to stuck port data_in ;
; send.addr[6]~reg0                      ; Stuck at GND due to stuck port data_in ;
; send.addr[7]~reg0                      ; Stuck at GND due to stuck port data_in ;
; sd[5]                                  ; Stuck at VCC due to stuck port data_in ;
; sd[7..9]                               ; Stuck at GND due to stuck port data_in ;
; sd[11]                                 ; Stuck at VCC due to stuck port data_in ;
; sd[13..31]                             ; Stuck at GND due to stuck port data_in ;
; send.data[13]~reg0                     ; Merged with send.data[12]~reg0         ;
; send.data[14]~reg0                     ; Merged with send.data[12]~reg0         ;
; send.data[15]~reg0                     ; Merged with send.data[12]~reg0         ;
; send.data[16]~reg0                     ; Merged with send.data[12]~reg0         ;
; send.data[17]~reg0                     ; Merged with send.data[12]~reg0         ;
; send.data[18]~reg0                     ; Merged with send.data[12]~reg0         ;
; send.data[19]~reg0                     ; Merged with send.data[12]~reg0         ;
; send.data[20]~reg0                     ; Merged with send.data[12]~reg0         ;
; send.data[21]~reg0                     ; Merged with send.data[12]~reg0         ;
; send.data[22]~reg0                     ; Merged with send.data[12]~reg0         ;
; send.data[23]~reg0                     ; Merged with send.data[12]~reg0         ;
; send.data[24]~reg0                     ; Merged with send.data[12]~reg0         ;
; send.data[25]~reg0                     ; Merged with send.data[12]~reg0         ;
; send.data[26]~reg0                     ; Merged with send.data[12]~reg0         ;
; send.data[27]~reg0                     ; Merged with send.data[12]~reg0         ;
; send.data[28]~reg0                     ; Merged with send.data[12]~reg0         ;
; send.data[29]~reg0                     ; Merged with send.data[12]~reg0         ;
; send.data[30]~reg0                     ; Merged with send.data[12]~reg0         ;
; send.data[31]~reg0                     ; Merged with send.data[12]~reg0         ;
; sd[2,4,10]                             ; Merged with sd[0]                      ;
; sd[1,3,6]                              ; Merged with sd[12]                     ;
; send.data[12]~reg0                     ; Stuck at GND due to stuck port data_in ;
; sd[12]                                 ; Merged with sd[0]                      ;
; Total Number of Removed Registers = 59 ;                                        ;
+----------------------------------------+----------------------------------------+


+------------------------------------------------------+
; General Register Statistics                          ;
+----------------------------------------------+-------+
; Statistic                                    ; Value ;
+----------------------------------------------+-------+
; Total registers                              ; 71    ;
; Number of registers using Synchronous Clear  ; 43    ;
; Number of registers using Synchronous Load   ; 0     ;
; Number of registers using Asynchronous Clear ; 0     ;
; Number of registers using Asynchronous Load  ; 0     ;
; Number of registers using Clock Enable       ; 14    ;
; Number of registers using Preset             ; 0     ;
+----------------------------------------------+-------+


+--------------------------------------------------+
; Inverted Register Statistics                     ;
+----------------------------------------+---------+
; Inverted Register                      ; Fan out ;
+----------------------------------------+---------+
; sd[0]                                  ; 3       ;
; Total number of inverted registers = 1 ;         ;
+----------------------------------------+---------+


+-------------------------------------------------------------------------------------------------------------------------------------------+
; Multiplexer Restructuring Statistics (Restructuring Performed)                                                                            ;
+--------------------+-----------+---------------+----------------------+------------------------+------------+-----------------------------+
; Multiplexer Inputs ; Bus Width ; Baseline Area ; Area if Restructured ; Saving if Restructured ; Registered ; Example Multiplexer Output  ;
+--------------------+-----------+---------------+----------------------+------------------------+------------+-----------------------------+
; 4:1                ; 2 bits    ; 4 LEs         ; 4 LEs                ; 0 LEs                  ; Yes        ; |nodeadc|send.data[10]~reg0 ;
; 4:1                ; 2 bits    ; 4 LEs         ; 4 LEs                ; 0 LEs                  ; Yes        ; |nodeadc|send.data[8]~reg0  ;
; 4:1                ; 8 bits    ; 16 LEs        ; 16 LEs               ; 0 LEs                  ; Yes        ; |nodeadc|send.data[1]~reg0  ;
+--------------------+-----------+---------------+----------------------+------------------------+------------+-----------------------------+


+-----------------------------------------------------------------------------------------------+
; Source assignments for adc:uut|altsyncram:altsyncram_component|altsyncram_5o04:auto_generated ;
+---------------------------------+--------------------+------+---------------------------------+
; Assignment                      ; Value              ; From ; To                              ;
+---------------------------------+--------------------+------+---------------------------------+
; OPTIMIZE_POWER_DURING_SYNTHESIS ; NORMAL_COMPILATION ; -    ; -                               ;
+---------------------------------+--------------------+------+---------------------------------+


+------------------------------------------------------+
; Parameter Settings for User Entity Instance: adc:uut ;
+----------------+-------+-----------------------------+
; Parameter Name ; Value ; Type                        ;
+----------------+-------+-----------------------------+
; data_size      ; 12    ; Signed Integer              ;
+----------------+-------+-----------------------------+
Note: In order to hide this table in the UI and the text report file, please set the "Show Parameter Settings in Synthesis Report" option in "Analysis and Synthesis Settings -> More Settings" to "Off".


+--------------------------------------------------------------------------------------+
; Parameter Settings for User Entity Instance: adc:uut|altsyncram:altsyncram_component ;
+------------------------------------+--------------------------+----------------------+
; Parameter Name                     ; Value                    ; Type                 ;
+------------------------------------+--------------------------+----------------------+
; BYTE_SIZE_BLOCK                    ; 8                        ; Untyped              ;
; AUTO_CARRY_CHAINS                  ; ON                       ; AUTO_CARRY           ;
; IGNORE_CARRY_BUFFERS               ; OFF                      ; IGNORE_CARRY         ;
; AUTO_CASCADE_CHAINS                ; ON                       ; AUTO_CASCADE         ;
; IGNORE_CASCADE_BUFFERS             ; OFF                      ; IGNORE_CASCADE       ;
; WIDTH_BYTEENA                      ; 1                        ; Untyped              ;
; OPERATION_MODE                     ; ROM                      ; Untyped              ;
; WIDTH_A                            ; 12                       ; Signed Integer       ;
; WIDTHAD_A                          ; 11                       ; Signed Integer       ;
; NUMWORDS_A                         ; 1601                     ; Signed Integer       ;
; OUTDATA_REG_A                      ; CLOCK0                   ; Untyped              ;
; ADDRESS_ACLR_A                     ; NONE                     ; Untyped              ;
; OUTDATA_ACLR_A                     ; NONE                     ; Untyped              ;
; WRCONTROL_ACLR_A                   ; NONE                     ; Untyped              ;
; INDATA_ACLR_A                      ; NONE                     ; Untyped              ;
; BYTEENA_ACLR_A                     ; NONE                     ; Untyped              ;
; WIDTH_B                            ; 1                        ; Signed Integer       ;
; WIDTHAD_B                          ; 1                        ; Signed Integer       ;
; NUMWORDS_B                         ; 0                        ; Signed Integer       ;
; INDATA_REG_B                       ; CLOCK1                   ; Untyped              ;
; WRCONTROL_WRADDRESS_REG_B          ; CLOCK1                   ; Untyped              ;
; RDCONTROL_REG_B                    ; CLOCK1                   ; Untyped              ;
; ADDRESS_REG_B                      ; CLOCK1                   ; Untyped              ;
; OUTDATA_REG_B                      ; UNREGISTERED             ; Untyped              ;
; BYTEENA_REG_B                      ; CLOCK1                   ; Untyped              ;
; INDATA_ACLR_B                      ; NONE                     ; Untyped              ;
; WRCONTROL_ACLR_B                   ; NONE                     ; Untyped              ;
; ADDRESS_ACLR_B                     ; NONE                     ; Untyped              ;
; OUTDATA_ACLR_B                     ; NONE                     ; Untyped              ;
; RDCONTROL_ACLR_B                   ; NONE                     ; Untyped              ;
; BYTEENA_ACLR_B                     ; NONE                     ; Untyped              ;
; WIDTH_BYTEENA_A                    ; 1                        ; Signed Integer       ;
; WIDTH_BYTEENA_B                    ; 1                        ; Signed Integer       ;
; RAM_BLOCK_TYPE                     ; AUTO                     ; Untyped              ;
; BYTE_SIZE                          ; 8                        ; Signed Integer       ;
; READ_DURING_WRITE_MODE_MIXED_PORTS ; DONT_CARE                ; Untyped              ;
; READ_DURING_WRITE_MODE_PORT_A      ; NEW_DATA_NO_NBE_READ     ; Untyped              ;
; READ_DURING_WRITE_MODE_PORT_B      ; NEW_DATA_NO_NBE_READ     ; Untyped              ;
; INIT_FILE                          ; H:\ipadc\ipadc\12bit.mif ; Untyped              ;
; INIT_FILE_LAYOUT                   ; PORT_A                   ; Untyped              ;
; MAXIMUM_DEPTH                      ; 0                        ; Signed Integer       ;
; CLOCK_ENABLE_INPUT_A               ; BYPASS                   ; Untyped              ;
; CLOCK_ENABLE_INPUT_B               ; NORMAL                   ; Untyped              ;
; CLOCK_ENABLE_OUTPUT_A              ; BYPASS                   ; Untyped              ;
; CLOCK_ENABLE_OUTPUT_B              ; NORMAL                   ; Untyped              ;
; CLOCK_ENABLE_CORE_A                ; USE_INPUT_CLKEN          ; Untyped              ;
; CLOCK_ENABLE_CORE_B                ; USE_INPUT_CLKEN          ; Untyped              ;
; ENABLE_ECC                         ; FALSE                    ; Untyped              ;
; ECC_PIPELINE_STAGE_ENABLED         ; FALSE                    ; Untyped              ;
; WIDTH_ECCSTATUS                    ; 3                        ; Signed Integer       ;
; DEVICE_FAMILY                      ; Cyclone V                ; Untyped              ;
; CBXI_PARAMETER                     ; altsyncram_5o04          ; Untyped              ;
+------------------------------------+--------------------------+----------------------+
Note: In order to hide this table in the UI and the text report file, please set the "Show Parameter Settings in Synthesis Report" option in "Analysis and Synthesis Settings -> More Settings" to "Off".


+-------------------------------------------------------------------------------------+
; altsyncram Parameter Settings by Entity Instance                                    ;
+-------------------------------------------+-----------------------------------------+
; Name                                      ; Value                                   ;
+-------------------------------------------+-----------------------------------------+
; Number of entity instances                ; 1                                       ;
; Entity Instance                           ; adc:uut|altsyncram:altsyncram_component ;
;     -- OPERATION_MODE                     ; ROM                                     ;
;     -- WIDTH_A                            ; 12                                      ;
;     -- NUMWORDS_A                         ; 1601                                    ;
;     -- OUTDATA_REG_A                      ; CLOCK0                                  ;
;     -- WIDTH_B                            ; 1                                       ;
;     -- NUMWORDS_B                         ; 0                                       ;
;     -- ADDRESS_REG_B                      ; CLOCK1                                  ;
;     -- OUTDATA_REG_B                      ; UNREGISTERED                            ;
;     -- RAM_BLOCK_TYPE                     ; AUTO                                    ;
;     -- READ_DURING_WRITE_MODE_MIXED_PORTS ; DONT_CARE                               ;
+-------------------------------------------+-----------------------------------------+


+------------------------------------------+
; Port Connectivity Checks: "adc:uut"      ;
+--------+-------+----------+--------------+
; Port   ; Type  ; Severity ; Details      ;
+--------+-------+----------+--------------+
; enable ; Input ; Info     ; Stuck at VCC ;
+--------+-------+----------+--------------+


+-----------------------------------------------------+
; Post-Synthesis Netlist Statistics for Top Partition ;
+-----------------------+-----------------------------+
; Type                  ; Count                       ;
+-----------------------+-----------------------------+
; arriav_ff             ; 71                          ;
;     ENA               ; 14                          ;
;     SCLR              ; 43                          ;
;     plain             ; 14                          ;
; arriav_lcell_comb     ; 75                          ;
;     arith             ; 43                          ;
;         1 data inputs ; 43                          ;
;     normal            ; 32                          ;
;         0 data inputs ; 2                           ;
;         2 data inputs ; 3                           ;
;         4 data inputs ; 6                           ;
;         5 data inputs ; 9                           ;
;         6 data inputs ; 12                          ;
; boundary_port         ; 81                          ;
; stratixv_ram_block    ; 12                          ;
;                       ;                             ;
; Max LUT depth         ; 4.10                        ;
; Average LUT depth     ; 2.33                        ;
+-----------------------+-----------------------------+


+-------------------------------+
; Elapsed Time Per Partition    ;
+----------------+--------------+
; Partition Name ; Elapsed Time ;
+----------------+--------------+
; Top            ; 00:00:01     ;
+----------------+--------------+


+-------------------------------+
; Analysis & Synthesis Messages ;
+-------------------------------+
Info: *******************************************************************
Info: Running Quartus Prime Analysis & Synthesis
    Info: Version 18.1.0 Build 625 09/12/2018 SJ Standard Edition
    Info: Processing started: Tue May 28 15:48:12 2024
Info: Command: quartus_map --read_settings_files=on --write_settings_files=off adcip -c adcip
Warning (18236): Number of processors has not been specified which may cause overloading on shared machines.  Set the global assignment NUM_PARALLEL_PROCESSORS in your QSF to an appropriate value for best performance.
Info (20030): Parallel compilation is enabled and will use 16 of the 16 processors detected
Info (12021): Found 2 design units, including 1 entities, in source file tdma_tb.vhd
    Info (12022): Found design unit 1: tdma_tb-sim File: H:/ipadc/ipadc/tdma_tb.vhd Line: 14
    Info (12023): Found entity 1: tdma_tb File: H:/ipadc/ipadc/tdma_tb.vhd Line: 8
Info (12021): Found 2 design units, including 1 entities, in source file ip/tdmaminfifo/tdmaminfifo.vhd
    Info (12022): Found design unit 1: tdmaminfifo-SYN File: H:/ipadc/ipadc/ip/TdmaMinFifo/TdmaMinFifo.vhd Line: 57
    Info (12023): Found entity 1: TdmaMinFifo File: H:/ipadc/ipadc/ip/TdmaMinFifo/TdmaMinFifo.vhd Line: 43
Info (12021): Found 2 design units, including 1 entities, in source file ip/audiofifo/audiofifo.vhd
    Info (12022): Found design unit 1: audiofifo-SYN File: H:/ipadc/ipadc/ip/AudioFifo/AudioFifo.vhd Line: 58
    Info (12023): Found entity 1: AudioFifo File: H:/ipadc/ipadc/ip/AudioFifo/AudioFifo.vhd Line: 43
Info (12021): Found 2 design units, including 1 entities, in source file ip/audiorom/audiorom.vhd
    Info (12022): Found design unit 1: audiorom-SYN File: H:/ipadc/ipadc/ip/AudioRom/AudioRom.vhd Line: 53
    Info (12023): Found entity 1: AudioRom File: H:/ipadc/ipadc/ip/AudioRom/AudioRom.vhd Line: 43
Info (12021): Found 2 design units, including 1 entities, in source file ip/audioclock_1/audioclock.vhd
    Info (12022): Found design unit 1: AudioClock-rtl File: H:/ipadc/ipadc/ip/AudioClock_1/AudioClock.vhd Line: 18
    Info (12023): Found entity 1: AudioClock File: H:/ipadc/ipadc/ip/AudioClock_1/AudioClock.vhd Line: 9
Info (12021): Found 1 design units, including 1 entities, in source file ip/audioclock_1/submodules/audioclock_audio_pll_0.v
    Info (12023): Found entity 1: AudioClock_audio_pll_0 File: H:/ipadc/ipadc/ip/AudioClock_1/submodules/AudioClock_audio_pll_0.v Line: 9
Info (12021): Found 1 design units, including 1 entities, in source file ip/audioclock_1/submodules/altera_up_avalon_reset_from_locked_signal.v
    Info (12023): Found entity 1: altera_up_avalon_reset_from_locked_signal File: H:/ipadc/ipadc/ip/AudioClock_1/submodules/altera_up_avalon_reset_from_locked_signal.v Line: 28
Info (12021): Found 1 design units, including 1 entities, in source file ip/audioclock_1/submodules/audioclock_audio_pll_0_audio_pll.v
    Info (12023): Found entity 1: AudioClock_audio_pll_0_audio_pll File: H:/ipadc/ipadc/ip/AudioClock_1/submodules/AudioClock_audio_pll_0_audio_pll.v Line: 2
Info (12021): Found 2 design units, including 0 entities, in source file tdma/tdmamin/tdmamintypes.vhd
    Info (12022): Found design unit 1: TdmaMinTypes File: H:/ipadc/ipadc/TDMA/TdmaMin/TdmaMinTypes.vhd Line: 5
    Info (12022): Found design unit 2: TdmaMinTypes-body File: H:/ipadc/ipadc/TDMA/TdmaMin/TdmaMinTypes.vhd Line: 23
Info (12021): Found 2 design units, including 1 entities, in source file tdma/tdmamin/tdmaminswitch.vhd
    Info (12022): Found design unit 1: TdmaMinSwitch-rtl File: H:/ipadc/ipadc/TDMA/TdmaMin/TdmaMinSwitch.vhd Line: 18
    Info (12023): Found entity 1: TdmaMinSwitch File: H:/ipadc/ipadc/TDMA/TdmaMin/TdmaMinSwitch.vhd Line: 8
Info (12021): Found 2 design units, including 1 entities, in source file tdma/tdmamin/tdmaminstage.vhd
    Info (12022): Found design unit 1: TdmaMinStage-rtl File: H:/ipadc/ipadc/TDMA/TdmaMin/TdmaMinStage.vhd Line: 19
    Info (12023): Found entity 1: TdmaMinStage File: H:/ipadc/ipadc/TDMA/TdmaMin/TdmaMinStage.vhd Line: 8
Info (12021): Found 2 design units, including 1 entities, in source file tdma/tdmamin/tdmaminslots.vhd
    Info (12022): Found design unit 1: TdmaMinSlots-rtl File: H:/ipadc/ipadc/TDMA/TdmaMin/TdmaMinSlots.vhd Line: 15
    Info (12023): Found entity 1: TdmaMinSlots File: H:/ipadc/ipadc/TDMA/TdmaMin/TdmaMinSlots.vhd Line: 5
Info (12021): Found 2 design units, including 1 entities, in source file tdma/tdmamin/tdmamininterface.vhd
    Info (12022): Found design unit 1: TdmaMinInterface-rtl File: H:/ipadc/ipadc/TDMA/TdmaMin/TdmaMinInterface.vhd Line: 26
    Info (12023): Found entity 1: TdmaMinInterface File: H:/ipadc/ipadc/TDMA/TdmaMin/TdmaMinInterface.vhd Line: 10
Info (12021): Found 2 design units, including 1 entities, in source file tdma/tdmamin/tdmaminfabric.vhd
    Info (12022): Found design unit 1: TdmaMinFabric-rtl File: H:/ipadc/ipadc/TDMA/TdmaMin/TdmaMinFabric.vhd Line: 20
    Info (12023): Found entity 1: TdmaMinFabric File: H:/ipadc/ipadc/TDMA/TdmaMin/TdmaMinFabric.vhd Line: 8
Info (12021): Found 2 design units, including 1 entities, in source file tdma/tdmamin/tdmamin.vhd
    Info (12022): Found design unit 1: TdmaMin-rtl File: H:/ipadc/ipadc/TDMA/TdmaMin/TdmaMin.vhd Line: 19
    Info (12023): Found entity 1: TdmaMin File: H:/ipadc/ipadc/TDMA/TdmaMin/TdmaMin.vhd Line: 8
Info (12021): Found 2 design units, including 1 entities, in source file adc_tb.vhd
    Info (12022): Found design unit 1: adc_tb-behavior File: H:/ipadc/ipadc/adc_tb.vhd Line: 8
    Info (12023): Found entity 1: adc_tb File: H:/ipadc/ipadc/adc_tb.vhd Line: 5
Info (12021): Found 2 design units, including 1 entities, in source file nodeadc.vhd
    Info (12022): Found design unit 1: nodeadc-rtl File: H:/ipadc/ipadc/nodeadc.vhd Line: 16
    Info (12023): Found entity 1: nodeadc File: H:/ipadc/ipadc/nodeadc.vhd Line: 8
Info (12021): Found 2 design units, including 1 entities, in source file adc.vhd
    Info (12022): Found design unit 1: adc-beh File: H:/ipadc/ipadc/adc.vhd Line: 20
    Info (12023): Found entity 1: adc File: H:/ipadc/ipadc/adc.vhd Line: 8
Info (12127): Elaborating entity "nodeadc" for the top level hierarchy
Warning (10540): VHDL Signal Declaration warning at nodeadc.vhd(28): used explicit default value for signal "enable" because signal was never assigned a value File: H:/ipadc/ipadc/nodeadc.vhd Line: 28
Info (12128): Elaborating entity "adc" for hierarchy "adc:uut" File: H:/ipadc/ipadc/nodeadc.vhd Line: 35
Info (12128): Elaborating entity "altsyncram" for hierarchy "adc:uut|altsyncram:altsyncram_component" File: H:/ipadc/ipadc/adc.vhd Line: 30
Info (12130): Elaborated megafunction instantiation "adc:uut|altsyncram:altsyncram_component" File: H:/ipadc/ipadc/adc.vhd Line: 30
Info (12133): Instantiated megafunction "adc:uut|altsyncram:altsyncram_component" with the following parameter: File: H:/ipadc/ipadc/adc.vhd Line: 30
    Info (12134): Parameter "address_aclr_a" = "UNUSED"
    Info (12134): Parameter "address_aclr_b" = "NONE"
    Info (12134): Parameter "address_reg_b" = "CLOCK1"
    Info (12134): Parameter "byte_size" = "8"
    Info (12134): Parameter "byteena_aclr_a" = "UNUSED"
    Info (12134): Parameter "byteena_aclr_b" = "NONE"
    Info (12134): Parameter "byteena_reg_b" = "CLOCK1"
    Info (12134): Parameter "clock_enable_core_a" = "USE_INPUT_CLKEN"
    Info (12134): Parameter "clock_enable_core_b" = "USE_INPUT_CLKEN"
    Info (12134): Parameter "clock_enable_input_a" = "BYPASS"
    Info (12134): Parameter "clock_enable_input_b" = "NORMAL"
    Info (12134): Parameter "clock_enable_output_a" = "BYPASS"
    Info (12134): Parameter "clock_enable_output_b" = "NORMAL"
    Info (12134): Parameter "intended_device_family" = "Cyclone V"
    Info (12134): Parameter "ecc_pipeline_stage_enabled" = "FALSE"
    Info (12134): Parameter "enable_ecc" = "FALSE"
    Info (12134): Parameter "implement_in_les" = "OFF"
    Info (12134): Parameter "indata_aclr_a" = "UNUSED"
    Info (12134): Parameter "indata_aclr_b" = "NONE"
    Info (12134): Parameter "indata_reg_b" = "CLOCK1"
    Info (12134): Parameter "init_file" = "H:\ipadc\ipadc\12bit.mif"
    Info (12134): Parameter "init_file_layout" = "PORT_A"
    Info (12134): Parameter "maximum_depth" = "0"
    Info (12134): Parameter "numwords_a" = "1601"
    Info (12134): Parameter "numwords_b" = "0"
    Info (12134): Parameter "operation_mode" = "ROM"
    Info (12134): Parameter "outdata_aclr_a" = "NONE"
    Info (12134): Parameter "outdata_aclr_b" = "NONE"
    Info (12134): Parameter "outdata_reg_a" = "CLOCK0"
    Info (12134): Parameter "outdata_reg_b" = "UNREGISTERED"
    Info (12134): Parameter "power_up_uninitialized" = "FALSE"
    Info (12134): Parameter "ram_block_type" = "AUTO"
    Info (12134): Parameter "rdcontrol_aclr_b" = "NONE"
    Info (12134): Parameter "rdcontrol_reg_b" = "CLOCK1"
    Info (12134): Parameter "read_during_write_mode_mixed_ports" = "DONT_CARE"
    Info (12134): Parameter "read_during_write_mode_port_a" = "NEW_DATA_NO_NBE_READ"
    Info (12134): Parameter "read_during_write_mode_port_b" = "NEW_DATA_NO_NBE_READ"
    Info (12134): Parameter "stratixiv_m144k_allow_dual_clocks" = "ON"
    Info (12134): Parameter "width_a" = "12"
    Info (12134): Parameter "width_b" = "1"
    Info (12134): Parameter "width_byteena_a" = "1"
    Info (12134): Parameter "width_byteena_b" = "1"
    Info (12134): Parameter "width_eccstatus" = "3"
    Info (12134): Parameter "widthad_a" = "11"
    Info (12134): Parameter "widthad_b" = "1"
    Info (12134): Parameter "wrcontrol_aclr_a" = "UNUSED"
    Info (12134): Parameter "wrcontrol_aclr_b" = "NONE"
    Info (12134): Parameter "wrcontrol_wraddress_reg_b" = "CLOCK1"
    Info (12134): Parameter "lpm_hint" = "ENABLE_RUNTIME_MOD=NO"
    Info (12134): Parameter "lpm_type" = "altsyncram"
Info (12021): Found 1 design units, including 1 entities, in source file db/altsyncram_5o04.tdf
    Info (12023): Found entity 1: altsyncram_5o04 File: H:/ipadc/ipadc/db/altsyncram_5o04.tdf Line: 27
Info (12128): Elaborating entity "altsyncram_5o04" for hierarchy "adc:uut|altsyncram:altsyncram_component|altsyncram_5o04:auto_generated" File: c:/intelfpga/18.1/quartus/libraries/megafunctions/altsyncram.tdf Line: 791
Warning (13024): Output pins are stuck at VCC or GND
    Warning (13410): Pin "send.data[12]" is stuck at GND File: H:/ipadc/ipadc/nodeadc.vhd Line: 11
    Warning (13410): Pin "send.data[13]" is stuck at GND File: H:/ipadc/ipadc/nodeadc.vhd Line: 11
    Warning (13410): Pin "send.data[14]" is stuck at GND File: H:/ipadc/ipadc/nodeadc.vhd Line: 11
    Warning (13410): Pin "send.data[15]" is stuck at GND File: H:/ipadc/ipadc/nodeadc.vhd Line: 11
    Warning (13410): Pin "send.data[16]" is stuck at GND File: H:/ipadc/ipadc/nodeadc.vhd Line: 11
    Warning (13410): Pin "send.data[17]" is stuck at GND File: H:/ipadc/ipadc/nodeadc.vhd Line: 11
    Warning (13410): Pin "send.data[18]" is stuck at GND File: H:/ipadc/ipadc/nodeadc.vhd Line: 11
    Warning (13410): Pin "send.data[19]" is stuck at GND File: H:/ipadc/ipadc/nodeadc.vhd Line: 11
    Warning (13410): Pin "send.data[20]" is stuck at GND File: H:/ipadc/ipadc/nodeadc.vhd Line: 11
    Warning (13410): Pin "send.data[21]" is stuck at GND File: H:/ipadc/ipadc/nodeadc.vhd Line: 11
    Warning (13410): Pin "send.data[22]" is stuck at GND File: H:/ipadc/ipadc/nodeadc.vhd Line: 11
    Warning (13410): Pin "send.data[23]" is stuck at GND File: H:/ipadc/ipadc/nodeadc.vhd Line: 11
    Warning (13410): Pin "send.data[24]" is stuck at GND File: H:/ipadc/ipadc/nodeadc.vhd Line: 11
    Warning (13410): Pin "send.data[25]" is stuck at GND File: H:/ipadc/ipadc/nodeadc.vhd Line: 11
    Warning (13410): Pin "send.data[26]" is stuck at GND File: H:/ipadc/ipadc/nodeadc.vhd Line: 11
    Warning (13410): Pin "send.data[27]" is stuck at GND File: H:/ipadc/ipadc/nodeadc.vhd Line: 11
    Warning (13410): Pin "send.data[28]" is stuck at GND File: H:/ipadc/ipadc/nodeadc.vhd Line: 11
    Warning (13410): Pin "send.data[29]" is stuck at GND File: H:/ipadc/ipadc/nodeadc.vhd Line: 11
    Warning (13410): Pin "send.data[30]" is stuck at GND File: H:/ipadc/ipadc/nodeadc.vhd Line: 11
    Warning (13410): Pin "send.data[31]" is stuck at GND File: H:/ipadc/ipadc/nodeadc.vhd Line: 11
    Warning (13410): Pin "send.addr[0]" is stuck at VCC File: H:/ipadc/ipadc/nodeadc.vhd Line: 11
    Warning (13410): Pin "send.addr[1]" is stuck at GND File: H:/ipadc/ipadc/nodeadc.vhd Line: 11
    Warning (13410): Pin "send.addr[2]" is stuck at GND File: H:/ipadc/ipadc/nodeadc.vhd Line: 11
    Warning (13410): Pin "send.addr[3]" is stuck at GND File: H:/ipadc/ipadc/nodeadc.vhd Line: 11
    Warning (13410): Pin "send.addr[4]" is stuck at GND File: H:/ipadc/ipadc/nodeadc.vhd Line: 11
    Warning (13410): Pin "send.addr[5]" is stuck at GND File: H:/ipadc/ipadc/nodeadc.vhd Line: 11
    Warning (13410): Pin "send.addr[6]" is stuck at GND File: H:/ipadc/ipadc/nodeadc.vhd Line: 11
    Warning (13410): Pin "send.addr[7]" is stuck at GND File: H:/ipadc/ipadc/nodeadc.vhd Line: 11
Info (286030): Timing-Driven Synthesis is running
Warning (20013): Ignored 317 assignments for entity "AudioClock_audio_pll_0_audio_pll" -- entity does not exist in design
Info (16010): Generating hard_block partition "hard_block:auto_generated_inst"
    Info (16011): Adding 0 node(s), including 0 DDIO, 0 PLL, 0 transceiver and 0 LCELL
Warning (21074): Design contains 30 input pin(s) that do not drive logic
    Warning (15610): No output dependent on input pin "recv.data[0]" File: H:/ipadc/ipadc/nodeadc.vhd Line: 12
    Warning (15610): No output dependent on input pin "recv.data[1]" File: H:/ipadc/ipadc/nodeadc.vhd Line: 12
    Warning (15610): No output dependent on input pin "recv.data[2]" File: H:/ipadc/ipadc/nodeadc.vhd Line: 12
    Warning (15610): No output dependent on input pin "recv.data[3]" File: H:/ipadc/ipadc/nodeadc.vhd Line: 12
    Warning (15610): No output dependent on input pin "recv.data[4]" File: H:/ipadc/ipadc/nodeadc.vhd Line: 12
    Warning (15610): No output dependent on input pin "recv.data[5]" File: H:/ipadc/ipadc/nodeadc.vhd Line: 12
    Warning (15610): No output dependent on input pin "recv.data[6]" File: H:/ipadc/ipadc/nodeadc.vhd Line: 12
    Warning (15610): No output dependent on input pin "recv.data[7]" File: H:/ipadc/ipadc/nodeadc.vhd Line: 12
    Warning (15610): No output dependent on input pin "recv.data[8]" File: H:/ipadc/ipadc/nodeadc.vhd Line: 12
    Warning (15610): No output dependent on input pin "recv.data[9]" File: H:/ipadc/ipadc/nodeadc.vhd Line: 12
    Warning (15610): No output dependent on input pin "recv.data[10]" File: H:/ipadc/ipadc/nodeadc.vhd Line: 12
    Warning (15610): No output dependent on input pin "recv.data[11]" File: H:/ipadc/ipadc/nodeadc.vhd Line: 12
    Warning (15610): No output dependent on input pin "recv.data[12]" File: H:/ipadc/ipadc/nodeadc.vhd Line: 12
    Warning (15610): No output dependent on input pin "recv.data[13]" File: H:/ipadc/ipadc/nodeadc.vhd Line: 12
    Warning (15610): No output dependent on input pin "recv.data[14]" File: H:/ipadc/ipadc/nodeadc.vhd Line: 12
    Warning (15610): No output dependent on input pin "recv.data[15]" File: H:/ipadc/ipadc/nodeadc.vhd Line: 12
    Warning (15610): No output dependent on input pin "recv.data[16]" File: H:/ipadc/ipadc/nodeadc.vhd Line: 12
    Warning (15610): No output dependent on input pin "recv.data[17]" File: H:/ipadc/ipadc/nodeadc.vhd Line: 12
    Warning (15610): No output dependent on input pin "recv.data[18]" File: H:/ipadc/ipadc/nodeadc.vhd Line: 12
    Warning (15610): No output dependent on input pin "recv.data[19]" File: H:/ipadc/ipadc/nodeadc.vhd Line: 12
    Warning (15610): No output dependent on input pin "recv.data[20]" File: H:/ipadc/ipadc/nodeadc.vhd Line: 12
    Warning (15610): No output dependent on input pin "recv.data[21]" File: H:/ipadc/ipadc/nodeadc.vhd Line: 12
    Warning (15610): No output dependent on input pin "recv.addr[0]" File: H:/ipadc/ipadc/nodeadc.vhd Line: 12
    Warning (15610): No output dependent on input pin "recv.addr[1]" File: H:/ipadc/ipadc/nodeadc.vhd Line: 12
    Warning (15610): No output dependent on input pin "recv.addr[2]" File: H:/ipadc/ipadc/nodeadc.vhd Line: 12
    Warning (15610): No output dependent on input pin "recv.addr[3]" File: H:/ipadc/ipadc/nodeadc.vhd Line: 12
    Warning (15610): No output dependent on input pin "recv.addr[4]" File: H:/ipadc/ipadc/nodeadc.vhd Line: 12
    Warning (15610): No output dependent on input pin "recv.addr[5]" File: H:/ipadc/ipadc/nodeadc.vhd Line: 12
    Warning (15610): No output dependent on input pin "recv.addr[6]" File: H:/ipadc/ipadc/nodeadc.vhd Line: 12
    Warning (15610): No output dependent on input pin "recv.addr[7]" File: H:/ipadc/ipadc/nodeadc.vhd Line: 12
Info (21057): Implemented 180 device resources after synthesis - the final resource count might be different
    Info (21058): Implemented 41 input pins
    Info (21059): Implemented 40 output pins
    Info (21061): Implemented 87 logic cells
    Info (21064): Implemented 12 RAM segments
Info: Quartus Prime Analysis & Synthesis was successful. 0 errors, 63 warnings
    Info: Peak virtual memory: 4912 megabytes
    Info: Processing ended: Tue May 28 15:48:30 2024
    Info: Elapsed time: 00:00:18
    Info: Total CPU time (on all processors): 00:00:03


