Flow report for COR_ASP_TopLevel
Tue Jun 04 02:30:51 2024
Quartus Prime Version 18.1.0 Build 625 09/12/2018 SJ Lite Edition


---------------------
; Table of Contents ;
---------------------
  1. Legal Notice
  2. Flow Summary
  3. Flow Settings
  4. Flow Non-Default Global Settings
  5. Flow Elapsed Time
  6. Flow OS Summary
  7. Flow Log
  8. Flow Messages
  9. Flow Suppressed Messages



----------------
; Legal Notice ;
----------------
Copyright (C) 2018  Intel Corporation. All rights reserved.
Your use of Intel Corporation's design tools, logic functions 
and other software and tools, and its AMPP partner logic 
functions, and any output files from any of the foregoing 
(including device programming or simulation files), and any 
associated documentation or information are expressly subject 
to the terms and conditions of the Intel Program License 
Subscription Agreement, the Intel Quartus Prime License Agreement,
the Intel FPGA IP License Agreement, or other applicable license
agreement, including, without limitation, that your use is for
the sole purpose of programming logic devices manufactured by
Intel and sold by Intel or its authorized distributors.  Please
refer to the applicable agreement for further details.



+-------------------------------------------------------------------------------+
; Flow Summary                                                                  ;
+---------------------------------+---------------------------------------------+
; Flow Status                     ; Successful - Tue Jun 04 02:30:37 2024       ;
; Quartus Prime Version           ; 18.1.0 Build 625 09/12/2018 SJ Lite Edition ;
; Revision Name                   ; COR_ASP_TopLevel                            ;
; Top-level Entity Name           ; COR_ASP_TopLevel                            ;
; Family                          ; Cyclone V                                   ;
; Device                          ; 5CSEMA5F31C6                                ;
; Timing Models                   ; Final                                       ;
; Logic utilization (in ALMs)     ; 2,363 / 32,070 ( 7 % )                      ;
; Total registers                 ; 3552                                        ;
; Total pins                      ; 96 / 457 ( 21 % )                           ;
; Total virtual pins              ; 0                                           ;
; Total block memory bits         ; 851,084 / 4,065,280 ( 21 % )                ;
; Total DSP Blocks                ; 13 / 87 ( 15 % )                            ;
; Total HSSI RX PCSs              ; 0                                           ;
; Total HSSI PMA RX Deserializers ; 0                                           ;
; Total HSSI TX PCSs              ; 0                                           ;
; Total HSSI PMA TX Serializers   ; 0                                           ;
; Total PLLs                      ; 0 / 6 ( 0 % )                               ;
; Total DLLs                      ; 0 / 4 ( 0 % )                               ;
+---------------------------------+---------------------------------------------+


+-----------------------------------------+
; Flow Settings                           ;
+-------------------+---------------------+
; Option            ; Setting             ;
+-------------------+---------------------+
; Start date & time ; 06/04/2024 02:27:21 ;
; Main task         ; Compilation         ;
; Revision Name     ; COR_ASP_TopLevel    ;
+-------------------+---------------------+


+----------------------------------------------------------------------------------------------------------------------------------------------------------+
; Flow Non-Default Global Settings                                                                                                                         ;
+-------------------------------------+------------------------------------------------------------------+---------------+----------------+----------------+
; Assignment Name                     ; Value                                                            ; Default Value ; Entity Name    ; Section Id     ;
+-------------------------------------+------------------------------------------------------------------+---------------+----------------+----------------+
; COMPILER_SIGNATURE_ID               ; 49410870269666.171742484122140                                   ; --            ; --             ; --             ;
; EDA_OUTPUT_DATA_FORMAT              ; None                                                             ; --            ; --             ; eda_simulation ;
; EDA_TIME_SCALE                      ; 1 ps                                                             ; --            ; --             ; eda_simulation ;
; MAX_CORE_JUNCTION_TEMP              ; 85                                                               ; --            ; --             ; --             ;
; MIN_CORE_JUNCTION_TEMP              ; 0                                                                ; --            ; --             ; --             ;
; MISC_FILE                           ; Nios_System_2A/synthesis/../Nios_System_2A.cmp                   ; --            ; --             ; --             ;
; MISC_FILE                           ; Nios_System_2A/synthesis/../../Nios_System_2A.qsys               ; --            ; --             ; --             ;
; PARTITION_COLOR                     ; -- (Not supported for targeted family)                           ; --            ; --             ; Top            ;
; PARTITION_FITTER_PRESERVATION_LEVEL ; -- (Not supported for targeted family)                           ; --            ; --             ; Top            ;
; PARTITION_NETLIST_TYPE              ; -- (Not supported for targeted family)                           ; --            ; --             ; Top            ;
; POWER_BOARD_THERMAL_MODEL           ; None (CONSERVATIVE)                                              ; --            ; --             ; --             ;
; POWER_PRESET_COOLING_SOLUTION       ; 23 MM HEAT SINK WITH 200 LFPM AIRFLOW                            ; --            ; --             ; --             ;
; PROJECT_OUTPUT_DIRECTORY            ; output_files                                                     ; --            ; --             ; --             ;
; SLD_FILE                            ; Nios_System_2A/synthesis/Nios_System_2A.regmap                   ; --            ; --             ; --             ;
; SLD_FILE                            ; Nios_System_2A/synthesis/Nios_System_2A.debuginfo                ; --            ; --             ; --             ;
; SLD_INFO                            ; QSYS_NAME Nios_System_2A HAS_SOPCINFO 1 GENERATION_ID 1717406575 ; --            ; Nios_System_2A ; --             ;
; SOPCINFO_FILE                       ; Nios_System_2A/synthesis/../../Nios_System_2A.sopcinfo           ; --            ; --             ; --             ;
; SYNTHESIS_ONLY_QIP                  ; On                                                               ; --            ; --             ; --             ;
+-------------------------------------+------------------------------------------------------------------+---------------+----------------+----------------+


+--------------------------------------------------------------------------------------------------------------------------+
; Flow Elapsed Time                                                                                                        ;
+----------------------+--------------+-------------------------+---------------------+------------------------------------+
; Module Name          ; Elapsed Time ; Average Processors Used ; Peak Virtual Memory ; Total CPU Time (on all processors) ;
+----------------------+--------------+-------------------------+---------------------+------------------------------------+
; Analysis & Synthesis ; 00:00:55     ; 1.0                     ; 5105 MB             ; 00:01:15                           ;
; Fitter               ; 00:02:02     ; 1.2                     ; 6939 MB             ; 00:06:19                           ;
; Assembler            ; 00:00:09     ; 1.0                     ; 4905 MB             ; 00:00:09                           ;
; Timing Analyzer      ; 00:00:13     ; 2.5                     ; 5296 MB             ; 00:00:29                           ;
; Total                ; 00:03:19     ; --                      ; --                  ; 00:08:12                           ;
+----------------------+--------------+-------------------------+---------------------+------------------------------------+


+------------------------------------------------------------------------------------+
; Flow OS Summary                                                                    ;
+----------------------+------------------+------------+------------+----------------+
; Module Name          ; Machine Hostname ; OS Name    ; OS Version ; Processor type ;
+----------------------+------------------+------------+------------+----------------+
; Analysis & Synthesis ; Shaaran-Desktop  ; Windows 10 ; 10.0       ; x86_64         ;
; Fitter               ; Shaaran-Desktop  ; Windows 10 ; 10.0       ; x86_64         ;
; Assembler            ; Shaaran-Desktop  ; Windows 10 ; 10.0       ; x86_64         ;
; Timing Analyzer      ; Shaaran-Desktop  ; Windows 10 ; 10.0       ; x86_64         ;
+----------------------+------------------+------------+------------+----------------+


------------
; Flow Log ;
------------
quartus_map --read_settings_files=on --write_settings_files=off COR_ASP -c COR_ASP_TopLevel
quartus_fit --read_settings_files=off --write_settings_files=off COR_ASP -c COR_ASP_TopLevel
quartus_asm --read_settings_files=off --write_settings_files=off COR_ASP -c COR_ASP_TopLevel
quartus_sta COR_ASP -c COR_ASP_TopLevel



