Assembler report for COR_ASP_TopLevel
<<<<<<< Updated upstream
Mon Jun 03 22:06:48 2024
=======
Tue Jun 04 01:44:22 2024
>>>>>>> Stashed changes
Quartus Prime Version 18.1.0 Build 625 09/12/2018 SJ Lite Edition


---------------------
; Table of Contents ;
---------------------
  1. Legal Notice
  2. Assembler Summary
  3. Assembler Settings
<<<<<<< Updated upstream
  4. Assembler Encrypted IP Cores Summary
  5. Assembler Generated Files
  6. Assembler Device Options: C:/Users/shaar/Downloads/HMPSoC/COR-ASP/output_files/COR_ASP_TopLevel_time_limited.sof
  7. Assembler Messages
=======
  4. Assembler Generated Files
  5. Assembler Device Options: C:/Users/brian/Documents/HMPSoC/COR-ASP/output_files/COR_ASP_TopLevel.sof
  6. Assembler Messages
>>>>>>> Stashed changes



----------------
; Legal Notice ;
----------------
Copyright (C) 2018  Intel Corporation. All rights reserved.
Your use of Intel Corporation's design tools, logic functions 
and other software and tools, and its AMPP partner logic 
functions, and any output files from any of the foregoing 
(including device programming or simulation files), and any 
associated documentation or information are expressly subject 
to the terms and conditions of the Intel Program License 
Subscription Agreement, the Intel Quartus Prime License Agreement,
the Intel FPGA IP License Agreement, or other applicable license
agreement, including, without limitation, that your use is for
the sole purpose of programming logic devices manufactured by
Intel and sold by Intel or its authorized distributors.  Please
refer to the applicable agreement for further details.



+---------------------------------------------------------------+
; Assembler Summary                                             ;
+-----------------------+---------------------------------------+
<<<<<<< Updated upstream
; Assembler Status      ; Successful - Mon Jun 03 22:06:48 2024 ;
=======
; Assembler Status      ; Successful - Tue Jun 04 01:44:22 2024 ;
>>>>>>> Stashed changes
; Revision Name         ; COR_ASP_TopLevel                      ;
; Top-level Entity Name ; COR_ASP_TopLevel                      ;
; Family                ; Cyclone V                             ;
; Device                ; 5CSEMA5F31C6                          ;
+-----------------------+---------------------------------------+


+----------------------------------+
; Assembler Settings               ;
+--------+---------+---------------+
; Option ; Setting ; Default Value ;
+--------+---------+---------------+


<<<<<<< Updated upstream
+--------------------------------------------------------+
; Assembler Encrypted IP Cores Summary                   ;
+--------+-------------------------------+---------------+
; Vendor ; IP Core Name                  ; License Type  ;
+--------+-------------------------------+---------------+
; Altera ; Nios II Processor (6AF7 00A2) ; OpenCore Plus ;
; Altera ; Signal Tap (6AF7 BCE1)        ; Licensed      ;
; Altera ; Signal Tap (6AF7 BCEC)        ; Licensed      ;
+--------+-------------------------------+---------------+


+----------------------------------------------------------------------------------------+
; Assembler Generated Files                                                              ;
+----------------------------------------------------------------------------------------+
; File Name                                                                              ;
+----------------------------------------------------------------------------------------+
; C:/Users/shaar/Downloads/HMPSoC/COR-ASP/output_files/COR_ASP_TopLevel_time_limited.sof ;
+----------------------------------------------------------------------------------------+


+------------------------------------------------------------------------------------------------------------------+
; Assembler Device Options: C:/Users/shaar/Downloads/HMPSoC/COR-ASP/output_files/COR_ASP_TopLevel_time_limited.sof ;
+----------------+-------------------------------------------------------------------------------------------------+
; Option         ; Setting                                                                                         ;
+----------------+-------------------------------------------------------------------------------------------------+
; JTAG usercode  ; 0x032B34A0                                                                                      ;
; Checksum       ; 0x032B34A0                                                                                      ;
+----------------+-------------------------------------------------------------------------------------------------+
=======
+---------------------------------------------------------------------------+
; Assembler Generated Files                                                 ;
+---------------------------------------------------------------------------+
; File Name                                                                 ;
+---------------------------------------------------------------------------+
; C:/Users/brian/Documents/HMPSoC/COR-ASP/output_files/COR_ASP_TopLevel.sof ;
+---------------------------------------------------------------------------+


+-----------------------------------------------------------------------------------------------------+
; Assembler Device Options: C:/Users/brian/Documents/HMPSoC/COR-ASP/output_files/COR_ASP_TopLevel.sof ;
+----------------+------------------------------------------------------------------------------------+
; Option         ; Setting                                                                            ;
+----------------+------------------------------------------------------------------------------------+
; JTAG usercode  ; 0x026BC2F3                                                                         ;
; Checksum       ; 0x026BC2F3                                                                         ;
+----------------+------------------------------------------------------------------------------------+
>>>>>>> Stashed changes


+--------------------+
; Assembler Messages ;
+--------------------+
Info: *******************************************************************
Info: Running Quartus Prime Assembler
    Info: Version 18.1.0 Build 625 09/12/2018 SJ Lite Edition
<<<<<<< Updated upstream
    Info: Processing started: Mon Jun 03 22:06:39 2024
Info: Command: quartus_asm --read_settings_files=off --write_settings_files=off COR_ASP -c COR_ASP_TopLevel
Warning (18236): Number of processors has not been specified which may cause overloading on shared machines.  Set the global assignment NUM_PARALLEL_PROCESSORS in your QSF to an appropriate value for best performance.
Info (115030): Assembler is generating device programming files
Info (115017): Design contains a time-limited core -- only a single, time-limited programming file can be generated
Warning (210042): Can't convert time-limited SOF into POF, HEX File, TTF, or RBF
Info: Quartus Prime Assembler was successful. 0 errors, 2 warnings
    Info: Peak virtual memory: 4901 megabytes
    Info: Processing ended: Mon Jun 03 22:06:48 2024
    Info: Elapsed time: 00:00:09
    Info: Total CPU time (on all processors): 00:00:09
=======
    Info: Processing started: Tue Jun 04 01:44:16 2024
Info: Command: quartus_asm --read_settings_files=off --write_settings_files=off COR_ASP -c COR_ASP_TopLevel
Warning (18236): Number of processors has not been specified which may cause overloading on shared machines.  Set the global assignment NUM_PARALLEL_PROCESSORS in your QSF to an appropriate value for best performance.
Info (115030): Assembler is generating device programming files
Info: Quartus Prime Assembler was successful. 0 errors, 1 warning
    Info: Peak virtual memory: 4878 megabytes
    Info: Processing ended: Tue Jun 04 01:44:22 2024
    Info: Elapsed time: 00:00:06
    Info: Total CPU time (on all processors): 00:00:06
>>>>>>> Stashed changes


