13:18:00 **** Incremental Build of configuration Nios II for project freqAnal ****
make all 
Info: Building ../freqAnal_bsp/
C:/intelFPGA_lite/18.1/nios2eds/bin/gnu/H-x86_64-mingw32/bin/make --no-print-directory -C ../freqAnal_bsp/
[BSP build complete]
Info: Compiling main.c to obj/default/main.o
nios2-elf-gcc -xc -MP -MMD -c -I../freqAnal_bsp//HAL/inc -I../freqAnal_bsp/ -I../freqAnal_bsp//drivers/inc  -pipe -D__hal__ -DALT_NO_INSTRUCTION_EMULATION -DALT_SINGLE_THREADED    -O0 -g -Wall   -mno-hw-div -mhw-mul -mno-hw-mulx -mgpopt=global  -o obj/default/main.o main.c
main.c: In function 'main':
main.c:31:9: warning: variable 'num' set but not used [-Wunused-but-set-variable]
     int num = 0;
         ^
Info: Linking freqAnal.elf
nios2-elf-g++  -T'../freqAnal_bsp//linker.x' -msys-crt0='../freqAnal_bsp//obj/HAL/src/crt0.o' -msys-lib=hal_bsp -L../freqAnal_bsp/   -Wl,-Map=freqAnal.map   -O0 -g -Wall   -mno-hw-div -mhw-mul -mno-hw-mulx -mgpopt=global  -o freqAnal.elf obj/default/main.o -lm -msys-lib=m
nios2-elf-insert freqAnal.elf --thread_model hal --cpu_name cpu --qsys true --simulation_enabled false --stderr_dev jtag_uart --stdin_dev jtag_uart --stdout_dev jtag_uart --sopc_system_name Nios_System_2A --quartus_project_dir "C:/Users/shaar/Downloads/HMPSoC/COR-ASP" --jdi ../..//output_files/COR_ASP_TopLevel.jdi --sopcinfo C:/Users/shaar/Downloads/HMPSoC/COR-ASP/software/freqAnal_bsp/../../Nios_System_2A.sopcinfo
Info: (freqAnal.elf) 71 KBytes program size (code + initialized data).
Info:                78 KBytes free for stack + heap.
Info: Creating freqAnal.objdump
nios2-elf-objdump --disassemble --syms --all-header --source freqAnal.elf >freqAnal.objdump
[freqAnal build complete]
13:18:12 **** Incremental Build of configuration Nios II for project freqAnal ****
make all 
Info: Building ../freqAnal_bsp/
C:/intelFPGA_lite/18.1/nios2eds/bin/gnu/H-x86_64-mingw32/bin/make --no-print-directory -C ../freqAnal_bsp/
[BSP build complete]
[freqAnal build complete]
13:19:47 **** Incremental Build of configuration Nios II for project freqAnal ****
make all 
Info: Building ../freqAnal_bsp/
C:/intelFPGA_lite/18.1/nios2eds/bin/gnu/H-x86_64-mingw32/bin/make --no-print-directory -C ../freqAnal_bsp/
[BSP build complete]
Info: Compiling main.c to obj/default/main.o
nios2-elf-gcc -xc -MP -MMD -c -I../freqAnal_bsp//HAL/inc -I../freqAnal_bsp/ -I../freqAnal_bsp//drivers/inc  -pipe -D__hal__ -DALT_NO_INSTRUCTION_EMULATION -DALT_SINGLE_THREADED    -O0 -g -Wall   -mno-hw-div -mhw-mul -mno-hw-mulx -mgpopt=global  -o obj/default/main.o main.c
main.c: In function 'main':
main.c:31:9: warning: variable 'num' set but not used [-Wunused-but-set-variable]
     int num = 0;
         ^
Info: Linking freqAnal.elf
nios2-elf-g++  -T'../freqAnal_bsp//linker.x' -msys-crt0='../freqAnal_bsp//obj/HAL/src/crt0.o' -msys-lib=hal_bsp -L../freqAnal_bsp/   -Wl,-Map=freqAnal.map   -O0 -g -Wall   -mno-hw-div -mhw-mul -mno-hw-mulx -mgpopt=global  -o freqAnal.elf obj/default/main.o -lm -msys-lib=m
nios2-elf-insert freqAnal.elf --thread_model hal --cpu_name cpu --qsys true --simulation_enabled false --stderr_dev jtag_uart --stdin_dev jtag_uart --stdout_dev jtag_uart --sopc_system_name Nios_System_2A --quartus_project_dir "C:/Users/shaar/Downloads/HMPSoC/COR-ASP" --jdi ../..//output_files/COR_ASP_TopLevel.jdi --sopcinfo C:/Users/shaar/Downloads/HMPSoC/COR-ASP/software/freqAnal_bsp/../../Nios_System_2A.sopcinfo
Info: (freqAnal.elf) 71 KBytes program size (code + initialized data).
Info:                78 KBytes free for stack + heap.
Info: Creating freqAnal.objdump
nios2-elf-objdump --disassemble --syms --all-header --source freqAnal.elf >freqAnal.objdump
[freqAnal build complete]
13:21:33 **** Incremental Build of configuration Nios II for project freqAnal ****
make all 
Info: Building ../freqAnal_bsp/
C:/intelFPGA_lite/18.1/nios2eds/bin/gnu/H-x86_64-mingw32/bin/make --no-print-directory -C ../freqAnal_bsp/
[BSP build complete]
Info: Compiling main.c to obj/default/main.o
nios2-elf-gcc -xc -MP -MMD -c -I../freqAnal_bsp//HAL/inc -I../freqAnal_bsp/ -I../freqAnal_bsp//drivers/inc  -pipe -D__hal__ -DALT_NO_INSTRUCTION_EMULATION -DALT_SINGLE_THREADED    -O0 -g -Wall   -mno-hw-div -mhw-mul -mno-hw-mulx -mgpopt=global  -o obj/default/main.o main.c
main.c: In function 'main':
main.c:31:9: warning: variable 'num' set but not used [-Wunused-but-set-variable]
     int num = 0;
         ^
Info: Linking freqAnal.elf
nios2-elf-g++  -T'../freqAnal_bsp//linker.x' -msys-crt0='../freqAnal_bsp//obj/HAL/src/crt0.o' -msys-lib=hal_bsp -L../freqAnal_bsp/   -Wl,-Map=freqAnal.map   -O0 -g -Wall   -mno-hw-div -mhw-mul -mno-hw-mulx -mgpopt=global  -o freqAnal.elf obj/default/main.o -lm -msys-lib=m
nios2-elf-insert freqAnal.elf --thread_model hal --cpu_name cpu --qsys true --simulation_enabled false --stderr_dev jtag_uart --stdin_dev jtag_uart --stdout_dev jtag_uart --sopc_system_name Nios_System_2A --quartus_project_dir "C:/Users/shaar/Downloads/HMPSoC/COR-ASP" --jdi ../..//output_files/COR_ASP_TopLevel.jdi --sopcinfo C:/Users/shaar/Downloads/HMPSoC/COR-ASP/software/freqAnal_bsp/../../Nios_System_2A.sopcinfo
Info: (freqAnal.elf) 71 KBytes program size (code + initialized data).
Info:                78 KBytes free for stack + heap.
Info: Creating freqAnal.objdump
nios2-elf-objdump --disassemble --syms --all-header --source freqAnal.elf >freqAnal.objdump
[freqAnal build complete]
13:26:34 **** Incremental Build of configuration Nios II for project freqAnal ****
make all 
Info: Building ../freqAnal_bsp/
C:/intelFPGA_lite/18.1/nios2eds/bin/gnu/H-x86_64-mingw32/bin/make --no-print-directory -C ../freqAnal_bsp/
[BSP build complete]
Info: Compiling main.c to obj/default/main.o
nios2-elf-gcc -xc -MP -MMD -c -I../freqAnal_bsp//HAL/inc -I../freqAnal_bsp/ -I../freqAnal_bsp//drivers/inc  -pipe -D__hal__ -DALT_NO_INSTRUCTION_EMULATION -DALT_SINGLE_THREADED    -O0 -g -Wall   -mno-hw-div -mhw-mul -mno-hw-mulx -mgpopt=global  -o obj/default/main.o main.c
main.c: In function 'main':
main.c:31:9: warning: variable 'num' set but not used [-Wunused-but-set-variable]
     int num = 0;
         ^
Info: Linking freqAnal.elf
nios2-elf-g++  -T'../freqAnal_bsp//linker.x' -msys-crt0='../freqAnal_bsp//obj/HAL/src/crt0.o' -msys-lib=hal_bsp -L../freqAnal_bsp/   -Wl,-Map=freqAnal.map   -O0 -g -Wall   -mno-hw-div -mhw-mul -mno-hw-mulx -mgpopt=global  -o freqAnal.elf obj/default/main.o -lm -msys-lib=m
nios2-elf-insert freqAnal.elf --thread_model hal --cpu_name cpu --qsys true --simulation_enabled false --stderr_dev jtag_uart --stdin_dev jtag_uart --stdout_dev jtag_uart --sopc_system_name Nios_System_2A --quartus_project_dir "C:/Users/shaar/Downloads/HMPSoC/COR-ASP" --jdi ../..//output_files/COR_ASP_TopLevel.jdi --sopcinfo C:/Users/shaar/Downloads/HMPSoC/COR-ASP/software/freqAnal_bsp/../../Nios_System_2A.sopcinfo
Info: (freqAnal.elf) 85 KBytes program size (code + initialized data).
Info:                64 KBytes free for stack + heap.
Info: Creating freqAnal.objdump
nios2-elf-objdump --disassemble --syms --all-header --source freqAnal.elf >freqAnal.objdump
[freqAnal build complete]
13:32:48 **** Incremental Build of configuration Nios II for project freqAnal ****
make all 
Info: Building ../freqAnal_bsp/
C:/intelFPGA_lite/18.1/nios2eds/bin/gnu/H-x86_64-mingw32/bin/make --no-print-directory -C ../freqAnal_bsp/
[BSP build complete]
[freqAnal build complete]
13:35:50 **** Incremental Build of configuration Nios II for project freqAnal ****
make all 
Info: Building ../freqAnal_bsp/
C:/intelFPGA_lite/18.1/nios2eds/bin/gnu/H-x86_64-mingw32/bin/make --no-print-directory -C ../freqAnal_bsp/
[BSP build complete]
Info: Compiling main.c to obj/default/main.o
nios2-elf-gcc -xc -MP -MMD -c -I../freqAnal_bsp//HAL/inc -I../freqAnal_bsp/ -I../freqAnal_bsp//drivers/inc  -pipe -D__hal__ -DALT_NO_INSTRUCTION_EMULATION -DALT_SINGLE_THREADED    -O0 -g -Wall   -mno-hw-div -mhw-mul -mno-hw-mulx -mgpopt=global  -o obj/default/main.o main.c
main.c: In function 'main':
main.c:31:9: warning: variable 'num' set but not used [-Wunused-but-set-variable]
     int num = 0;
         ^
Info: Linking freqAnal.elf
nios2-elf-g++  -T'../freqAnal_bsp//linker.x' -msys-crt0='../freqAnal_bsp//obj/HAL/src/crt0.o' -msys-lib=hal_bsp -L../freqAnal_bsp/   -Wl,-Map=freqAnal.map   -O0 -g -Wall   -mno-hw-div -mhw-mul -mno-hw-mulx -mgpopt=global  -o freqAnal.elf obj/default/main.o -lm -msys-lib=m
nios2-elf-insert freqAnal.elf --thread_model hal --cpu_name cpu --qsys true --simulation_enabled false --stderr_dev jtag_uart --stdin_dev jtag_uart --stdout_dev jtag_uart --sopc_system_name Nios_System_2A --quartus_project_dir "C:/Users/shaar/Downloads/HMPSoC/COR-ASP" --jdi ../..//output_files/COR_ASP_TopLevel.jdi --sopcinfo C:/Users/shaar/Downloads/HMPSoC/COR-ASP/software/freqAnal_bsp/../../Nios_System_2A.sopcinfo
Info: (freqAnal.elf) 85 KBytes program size (code + initialized data).
Info:                64 KBytes free for stack + heap.
Info: Creating freqAnal.objdump
nios2-elf-objdump --disassemble --syms --all-header --source freqAnal.elf >freqAnal.objdump
[freqAnal build complete]
13:45:48 **** Incremental Build of configuration Nios II for project freqAnal ****
make all 
Info: Building ../freqAnal_bsp/
C:/intelFPGA_lite/18.1/nios2eds/bin/gnu/H-x86_64-mingw32/bin/make --no-print-directory -C ../freqAnal_bsp/
[BSP build complete]
[freqAnal build complete]
13:54:51 **** Incremental Build of configuration Nios II for project freqAnal ****
make all 
Info: Building ../freqAnal_bsp/
C:/intelFPGA_lite/18.1/nios2eds/bin/gnu/H-x86_64-mingw32/bin/make --no-print-directory -C ../freqAnal_bsp/
[BSP build complete]
[freqAnal build complete]
